[09:46:22] [Server thread/INFO]: Starting minecraft server version 1.12.2
[09:46:22] [Server thread/INFO]: Loading properties
[09:46:22] [Server console handler/ERROR]: Exception handling console input
java.io.IOException: The handle is invalid
	at java.io.FileInputStream.readBytes(Native Method) ~[?:?]
	at java.io.FileInputStream.read(FileInputStream.java:276) ~[?:?]
	at java.io.BufferedInputStream.read1(BufferedInputStream.java:282) ~[?:?]
	at java.io.BufferedInputStream.read(BufferedInputStream.java:343) ~[?:?]
	at sun.nio.cs.StreamDecoder.readBytes(StreamDecoder.java:287) ~[?:?]
	at sun.nio.cs.StreamDecoder.implRead(StreamDecoder.java:330) ~[?:?]
	at sun.nio.cs.StreamDecoder.read(StreamDecoder.java:190) ~[?:?]
	at java.io.InputStreamReader.read(InputStreamReader.java:177) ~[?:?]
	at java.io.BufferedReader.fill(BufferedReader.java:162) ~[?:?]
	at java.io.BufferedReader.readLine(BufferedReader.java:329) ~[?:?]
	at java.io.BufferedReader.readLine(BufferedReader.java:396) ~[?:?]
	at nz$2.run(SourceFile:100) [minecraft_server.1.12.2.jar:?]
[09:46:22] [Server thread/INFO]: Default game type: SURVIVAL
[09:46:22] [Server thread/INFO]: Generating keypair
[09:46:22] [Server thread/INFO]: Starting Minecraft server on 127.0.0.1:25565
[09:46:22] [Server thread/INFO]: Using default channel type
[09:46:23] [Server thread/WARN]: **** SERVER IS RUNNING IN OFFLINE/INSECURE MODE!
[09:46:23] [Server thread/WARN]: The server will make no attempt to authenticate usernames. Beware.
[09:46:23] [Server thread/WARN]: While this makes the game possible to play without internet access, it also opens up the ability for hackers to connect with any username they choose.
[09:46:23] [Server thread/WARN]: To change this, set "online-mode" to "true" in the server.properties file.
[09:46:23] [Server thread/INFO]: Preparing level "World"
[09:46:23] [Server thread/INFO]: Loaded 488 advancements
[09:46:24] [Server thread/INFO]: Preparing start region for level 0
[09:46:25] [Server thread/INFO]: Preparing spawn area: 6%
[09:46:26] [Server thread/INFO]: Preparing spawn area: 12%
[09:46:27] [Server thread/INFO]: Preparing spawn area: 22%
[09:46:28] [Server thread/INFO]: Preparing spawn area: 34%
[09:46:29] [Server thread/INFO]: Preparing spawn area: 45%
[09:46:30] [Server thread/INFO]: Preparing spawn area: 56%
[09:46:31] [Server thread/INFO]: Preparing spawn area: 68%
[09:46:32] [Server thread/INFO]: Preparing spawn area: 80%
[09:46:33] [Server thread/INFO]: Preparing spawn area: 92%
[09:46:33] [Server thread/INFO]: Done (10.861s)! For help, type "help" or "?"
[09:49:39] [Server thread/INFO]: MyozzVN[/127.0.0.1:1700] logged in with entity id 1816 at (-237.5, 62.0, 213.5)
[09:49:39] [Server thread/INFO]: MyozzVN joined the game
[09:50:27] [Server thread/INFO]: MyozzVN lost connection: Disconnected
[09:50:27] [Server thread/INFO]: MyozzVN left the game
[09:53:12] [Server thread/INFO]: Stopping server
[09:53:12] [Server thread/INFO]: Saving players
[09:53:12] [Server thread/INFO]: Saving worlds
[09:53:12] [Server thread/INFO]: Saving chunks for level 'World'/overworld
[09:53:12] [Server Shutdown Thread/INFO]: Stopping server
[09:53:12] [Server Shutdown Thread/INFO]: Saving players
